This is pdfTeX, Version 3.1415926-2.5-1.40.14 (MiKTeX 2.9) (preloaded format=pdflatex 2014.3.8)  13 MAR 2014 20:21
entering extended mode
**SoftwareArchitectureDesign_Group6.tex
("C:\Users\Robin\Desktop\New folder\Final\SoftwareArchitectureDesign_Group6.tex
"
LaTeX2e <2011/06/27>
Babel <v3.8m> and hyphenation patterns for english, afrikaans, ancientgreek, ar
abic, armenian, assamese, basque, bengali, bokmal, bulgarian, catalan, coptic, 
croatian, czech, danish, dutch, esperanto, estonian, farsi, finnish, french, ga
lician, german, german-x-2013-05-26, greek, gujarati, hindi, hungarian, iceland
ic, indonesian, interlingua, irish, italian, kannada, kurmanji, latin, latvian,
 lithuanian, malayalam, marathi, mongolian, mongolianlmc, monogreek, ngerman, n
german-x-2013-05-26, nynorsk, oriya, panjabi, pinyin, polish, portuguese, roman
ian, russian, sanskrit, serbian, slovak, slovenian, spanish, swedish, swissgerm
an, tamil, telugu, turkish, turkmen, ukenglish, ukrainian, uppersorbian, usengl
ishmax, welsh, loaded.
("C:\Program Files (x86)\MikTeX\tex\latex\base\article.cls"
Document Class: article 2007/10/19 v1.4h Standard LaTeX document class
("C:\Program Files (x86)\MikTeX\tex\latex\base\size10.clo"
File: size10.clo 2007/10/19 v1.4h Standard LaTeX file (size option)
)
\c@part=\count79
\c@section=\count80
\c@subsection=\count81
\c@subsubsection=\count82
\c@paragraph=\count83
\c@subparagraph=\count84
\c@figure=\count85
\c@table=\count86
\abovecaptionskip=\skip41
\belowcaptionskip=\skip42
\bibindent=\dimen102
)
("C:\Program Files (x86)\MikTeX\tex\latex\graphics\graphicx.sty"
Package: graphicx 1999/02/16 v1.0f Enhanced LaTeX Graphics (DPC,SPQR)

("C:\Program Files (x86)\MikTeX\tex\latex\graphics\keyval.sty"
Package: keyval 1999/03/16 v1.13 key=value parser (DPC)
\KV@toks@=\toks14
)
("C:\Program Files (x86)\MikTeX\tex\latex\graphics\graphics.sty"
Package: graphics 2009/02/05 v1.0o Standard LaTeX Graphics (DPC,SPQR)

("C:\Program Files (x86)\MikTeX\tex\latex\graphics\trig.sty"
Package: trig 1999/03/16 v1.09 sin cos tan (DPC)
)
("C:\Program Files (x86)\MikTeX\tex\latex\00miktex\graphics.cfg"
File: graphics.cfg 2007/01/18 v1.5 graphics configuration of teTeX/TeXLive
)
Package graphics Info: Driver file: pdftex.def on input line 91.

("C:\Program Files (x86)\MikTeX\tex\latex\pdftex-def\pdftex.def"
File: pdftex.def 2011/05/27 v0.06d Graphics/color for pdfTeX

("C:\Program Files (x86)\MikTeX\tex\generic\oberdiek\infwarerr.sty"
Package: infwarerr 2010/04/08 v1.3 Providing info/warning/error messages (HO)
)
("C:\Program Files (x86)\MikTeX\tex\generic\oberdiek\ltxcmds.sty"
Package: ltxcmds 2011/11/09 v1.22 LaTeX kernel commands for general use (HO)
)
\Gread@gobject=\count87
))
\Gin@req@height=\dimen103
\Gin@req@width=\dimen104
)
("C:\Program Files (x86)\MikTeX\tex\generic\babel\babel.sty"
Package: babel 2008/07/08 v3.8m The Babel package

*************************************
* Local config file bblopts.cfg used
*
("C:\Program Files (x86)\MikTeX\tex\latex\00miktex\bblopts.cfg"
File: bblopts.cfg 2006/07/31 v1.0 MiKTeX 'babel' configuration
)
("C:\Program Files (x86)\MikTeX\tex\generic\babel\english.ldf"
Language: english 2005/03/30 v3.3o English support from the babel system

("C:\Program Files (x86)\MikTeX\tex\generic\babel\babel.def"
File: babel.def 2008/07/08 v3.8m Babel common definitions
\babel@savecnt=\count88
\U@D=\dimen105
)
\l@canadian = a dialect from \language\l@american 
\l@australian = a dialect from \language\l@british 
\l@newzealand = a dialect from \language\l@british 
))
("C:\Program Files (x86)\MikTeX\tex\latex\base\inputenc.sty"
Package: inputenc 2008/03/30 v1.1d Input encoding file
\inpenc@prehook=\toks15
\inpenc@posthook=\toks16

("C:\Program Files (x86)\MikTeX\tex\latex\base\utf8.def"
File: utf8.def 2008/04/05 v1.1m UTF-8 support for inputenc
Now handling font encoding OML ...
... no UTF-8 mapping file for font encoding OML
Now handling font encoding T1 ...
... processing UTF-8 mapping file for font encoding T1

("C:\Program Files (x86)\MikTeX\tex\latex\base\t1enc.dfu"
File: t1enc.dfu 2008/04/05 v1.1m UTF-8 support for inputenc
   defining Unicode char U+00A1 (decimal 161)
   defining Unicode char U+00A3 (decimal 163)
   defining Unicode char U+00AB (decimal 171)
   defining Unicode char U+00BB (decimal 187)
   defining Unicode char U+00BF (decimal 191)
   defining Unicode char U+00C0 (decimal 192)
   defining Unicode char U+00C1 (decimal 193)
   defining Unicode char U+00C2 (decimal 194)
   defining Unicode char U+00C3 (decimal 195)
   defining Unicode char U+00C4 (decimal 196)
   defining Unicode char U+00C5 (decimal 197)
   defining Unicode char U+00C6 (decimal 198)
   defining Unicode char U+00C7 (decimal 199)
   defining Unicode char U+00C8 (decimal 200)
   defining Unicode char U+00C9 (decimal 201)
   defining Unicode char U+00CA (decimal 202)
   defining Unicode char U+00CB (decimal 203)
   defining Unicode char U+00CC (decimal 204)
   defining Unicode char U+00CD (decimal 205)
   defining Unicode char U+00CE (decimal 206)
   defining Unicode char U+00CF (decimal 207)
   defining Unicode char U+00D0 (decimal 208)
   defining Unicode char U+00D1 (decimal 209)
   defining Unicode char U+00D2 (decimal 210)
   defining Unicode char U+00D3 (decimal 211)
   defining Unicode char U+00D4 (decimal 212)
   defining Unicode char U+00D5 (decimal 213)
   defining Unicode char U+00D6 (decimal 214)
   defining Unicode char U+00D8 (decimal 216)
   defining Unicode char U+00D9 (decimal 217)
   defining Unicode char U+00DA (decimal 218)
   defining Unicode char U+00DB (decimal 219)
   defining Unicode char U+00DC (decimal 220)
   defining Unicode char U+00DD (decimal 221)
   defining Unicode char U+00DE (decimal 222)
   defining Unicode char U+00DF (decimal 223)
   defining Unicode char U+00E0 (decimal 224)
   defining Unicode char U+00E1 (decimal 225)
   defining Unicode char U+00E2 (decimal 226)
   defining Unicode char U+00E3 (decimal 227)
   defining Unicode char U+00E4 (decimal 228)
   defining Unicode char U+00E5 (decimal 229)
   defining Unicode char U+00E6 (decimal 230)
   defining Unicode char U+00E7 (decimal 231)
   defining Unicode char U+00E8 (decimal 232)
   defining Unicode char U+00E9 (decimal 233)
   defining Unicode char U+00EA (decimal 234)
   defining Unicode char U+00EB (decimal 235)
   defining Unicode char U+00EC (decimal 236)
   defining Unicode char U+00ED (decimal 237)
   defining Unicode char U+00EE (decimal 238)
   defining Unicode char U+00EF (decimal 239)
   defining Unicode char U+00F0 (decimal 240)
   defining Unicode char U+00F1 (decimal 241)
   defining Unicode char U+00F2 (decimal 242)
   defining Unicode char U+00F3 (decimal 243)
   defining Unicode char U+00F4 (decimal 244)
   defining Unicode char U+00F5 (decimal 245)
   defining Unicode char U+00F6 (decimal 246)
   defining Unicode char U+00F8 (decimal 248)
   defining Unicode char U+00F9 (decimal 249)
   defining Unicode char U+00FA (decimal 250)
   defining Unicode char U+00FB (decimal 251)
   defining Unicode char U+00FC (decimal 252)
   defining Unicode char U+00FD (decimal 253)
   defining Unicode char U+00FE (decimal 254)
   defining Unicode char U+00FF (decimal 255)
   defining Unicode char U+0102 (decimal 258)
   defining Unicode char U+0103 (decimal 259)
   defining Unicode char U+0104 (decimal 260)
   defining Unicode char U+0105 (decimal 261)
   defining Unicode char U+0106 (decimal 262)
   defining Unicode char U+0107 (decimal 263)
   defining Unicode char U+010C (decimal 268)
   defining Unicode char U+010D (decimal 269)
   defining Unicode char U+010E (decimal 270)
   defining Unicode char U+010F (decimal 271)
   defining Unicode char U+0110 (decimal 272)
   defining Unicode char U+0111 (decimal 273)
   defining Unicode char U+0118 (decimal 280)
   defining Unicode char U+0119 (decimal 281)
   defining Unicode char U+011A (decimal 282)
   defining Unicode char U+011B (decimal 283)
   defining Unicode char U+011E (decimal 286)
   defining Unicode char U+011F (decimal 287)
   defining Unicode char U+0130 (decimal 304)
   defining Unicode char U+0131 (decimal 305)
   defining Unicode char U+0132 (decimal 306)
   defining Unicode char U+0133 (decimal 307)
   defining Unicode char U+0139 (decimal 313)
   defining Unicode char U+013A (decimal 314)
   defining Unicode char U+013D (decimal 317)
   defining Unicode char U+013E (decimal 318)
   defining Unicode char U+0141 (decimal 321)
   defining Unicode char U+0142 (decimal 322)
   defining Unicode char U+0143 (decimal 323)
   defining Unicode char U+0144 (decimal 324)
   defining Unicode char U+0147 (decimal 327)
   defining Unicode char U+0148 (decimal 328)
   defining Unicode char U+014A (decimal 330)
   defining Unicode char U+014B (decimal 331)
   defining Unicode char U+0150 (decimal 336)
   defining Unicode char U+0151 (decimal 337)
   defining Unicode char U+0152 (decimal 338)
   defining Unicode char U+0153 (decimal 339)
   defining Unicode char U+0154 (decimal 340)
   defining Unicode char U+0155 (decimal 341)
   defining Unicode char U+0158 (decimal 344)
   defining Unicode char U+0159 (decimal 345)
   defining Unicode char U+015A (decimal 346)
   defining Unicode char U+015B (decimal 347)
   defining Unicode char U+015E (decimal 350)
   defining Unicode char U+015F (decimal 351)
   defining Unicode char U+0160 (decimal 352)
   defining Unicode char U+0161 (decimal 353)
   defining Unicode char U+0162 (decimal 354)
   defining Unicode char U+0163 (decimal 355)
   defining Unicode char U+0164 (decimal 356)
   defining Unicode char U+0165 (decimal 357)
   defining Unicode char U+016E (decimal 366)
   defining Unicode char U+016F (decimal 367)
   defining Unicode char U+0170 (decimal 368)
   defining Unicode char U+0171 (decimal 369)
   defining Unicode char U+0178 (decimal 376)
   defining Unicode char U+0179 (decimal 377)
   defining Unicode char U+017A (decimal 378)
   defining Unicode char U+017B (decimal 379)
   defining Unicode char U+017C (decimal 380)
   defining Unicode char U+017D (decimal 381)
   defining Unicode char U+017E (decimal 382)
   defining Unicode char U+200C (decimal 8204)
   defining Unicode char U+2013 (decimal 8211)
   defining Unicode char U+2014 (decimal 8212)
   defining Unicode char U+2018 (decimal 8216)
   defining Unicode char U+2019 (decimal 8217)
   defining Unicode char U+201A (decimal 8218)
   defining Unicode char U+201C (decimal 8220)
   defining Unicode char U+201D (decimal 8221)
   defining Unicode char U+201E (decimal 8222)
   defining Unicode char U+2030 (decimal 8240)
   defining Unicode char U+2031 (decimal 8241)
   defining Unicode char U+2039 (decimal 8249)
   defining Unicode char U+203A (decimal 8250)
   defining Unicode char U+2423 (decimal 9251)
)
Now handling font encoding OT1 ...
... processing UTF-8 mapping file for font encoding OT1

("C:\Program Files (x86)\MikTeX\tex\latex\base\ot1enc.dfu"
File: ot1enc.dfu 2008/04/05 v1.1m UTF-8 support for inputenc
   defining Unicode char U+00A1 (decimal 161)
   defining Unicode char U+00A3 (decimal 163)
   defining Unicode char U+00B8 (decimal 184)
   defining Unicode char U+00BF (decimal 191)
   defining Unicode char U+00C5 (decimal 197)
   defining Unicode char U+00C6 (decimal 198)
   defining Unicode char U+00D8 (decimal 216)
   defining Unicode char U+00DF (decimal 223)
   defining Unicode char U+00E6 (decimal 230)
   defining Unicode char U+00EC (decimal 236)
   defining Unicode char U+00ED (decimal 237)
   defining Unicode char U+00EE (decimal 238)
   defining Unicode char U+00EF (decimal 239)
   defining Unicode char U+00F8 (decimal 248)
   defining Unicode char U+0131 (decimal 305)
   defining Unicode char U+0141 (decimal 321)
   defining Unicode char U+0142 (decimal 322)
   defining Unicode char U+0152 (decimal 338)
   defining Unicode char U+0153 (decimal 339)
   defining Unicode char U+2013 (decimal 8211)
   defining Unicode char U+2014 (decimal 8212)
   defining Unicode char U+2018 (decimal 8216)
   defining Unicode char U+2019 (decimal 8217)
   defining Unicode char U+201C (decimal 8220)
   defining Unicode char U+201D (decimal 8221)
)
Now handling font encoding OMS ...
... processing UTF-8 mapping file for font encoding OMS

("C:\Program Files (x86)\MikTeX\tex\latex\base\omsenc.dfu"
File: omsenc.dfu 2008/04/05 v1.1m UTF-8 support for inputenc
   defining Unicode char U+00A7 (decimal 167)
   defining Unicode char U+00B6 (decimal 182)
   defining Unicode char U+00B7 (decimal 183)
   defining Unicode char U+2020 (decimal 8224)
   defining Unicode char U+2021 (decimal 8225)
   defining Unicode char U+2022 (decimal 8226)
)
Now handling font encoding OMX ...
... no UTF-8 mapping file for font encoding OMX
Now handling font encoding U ...
... no UTF-8 mapping file for font encoding U
   defining Unicode char U+00A9 (decimal 169)
   defining Unicode char U+00AA (decimal 170)
   defining Unicode char U+00AE (decimal 174)
   defining Unicode char U+00BA (decimal 186)
   defining Unicode char U+02C6 (decimal 710)
   defining Unicode char U+02DC (decimal 732)
   defining Unicode char U+200C (decimal 8204)
   defining Unicode char U+2026 (decimal 8230)
   defining Unicode char U+2122 (decimal 8482)
   defining Unicode char U+2423 (decimal 9251)
))
("C:\Program Files (x86)\MikTeX\tex\latex\amsmath\amsmath.sty"
Package: amsmath 2013/01/14 v2.14 AMS math features
\@mathmargin=\skip43

For additional information on amsmath, use the `?' option.
("C:\Program Files (x86)\MikTeX\tex\latex\amsmath\amstext.sty"
Package: amstext 2000/06/29 v2.01

("C:\Program Files (x86)\MikTeX\tex\latex\amsmath\amsgen.sty"
File: amsgen.sty 1999/11/30 v2.0
\@emptytoks=\toks17
\ex@=\dimen106
))
("C:\Program Files (x86)\MikTeX\tex\latex\amsmath\amsbsy.sty"
Package: amsbsy 1999/11/29 v1.2d
\pmbraise@=\dimen107
)
("C:\Program Files (x86)\MikTeX\tex\latex\amsmath\amsopn.sty"
Package: amsopn 1999/12/14 v2.01 operator names
)
\inf@bad=\count89
LaTeX Info: Redefining \frac on input line 210.
\uproot@=\count90
\leftroot@=\count91
LaTeX Info: Redefining \overline on input line 306.
\classnum@=\count92
\DOTSCASE@=\count93
LaTeX Info: Redefining \ldots on input line 378.
LaTeX Info: Redefining \dots on input line 381.
LaTeX Info: Redefining \cdots on input line 466.
\Mathstrutbox@=\box26
\strutbox@=\box27
\big@size=\dimen108
LaTeX Font Info:    Redeclaring font encoding OML on input line 566.
LaTeX Font Info:    Redeclaring font encoding OMS on input line 567.
\macc@depth=\count94
\c@MaxMatrixCols=\count95
\dotsspace@=\muskip10
\c@parentequation=\count96
\dspbrk@lvl=\count97
\tag@help=\toks18
\row@=\count98
\column@=\count99
\maxfields@=\count100
\andhelp@=\toks19
\eqnshift@=\dimen109
\alignsep@=\dimen110
\tagshift@=\dimen111
\tagwidth@=\dimen112
\totwidth@=\dimen113
\lineht@=\dimen114
\@envbody=\toks20
\multlinegap=\skip44
\multlinetaggap=\skip45
\mathdisplay@stack=\toks21
LaTeX Info: Redefining \[ on input line 2665.
LaTeX Info: Redefining \] on input line 2666.
)
("C:\Program Files (x86)\MikTeX\tex\latex\todonotes\todonotes.sty"
Package: todonotes 2012/07/25 .dtx Todonotes source and documentation.
Package: todonotes 2012/07/25

("C:\Program Files (x86)\MikTeX\tex\latex\base\ifthen.sty"
Package: ifthen 2001/05/26 v1.1c Standard LaTeX ifthen package (DPC)
)
("C:\Program Files (x86)\MikTeX\tex\latex\xkeyval\xkeyval.sty"
Package: xkeyval 2012/10/14 v2.6b package option processing (HA)

("C:\Program Files (x86)\MikTeX\tex\generic\xkeyval\xkeyval.tex"
\XKV@toks=\toks22
\XKV@tempa@toks=\toks23
\XKV@depth=\count101
File: xkeyval.tex 2012/10/14 v2.6b key=value parser (HA)
))
("C:\Program Files (x86)\MikTeX\tex\latex\xcolor\xcolor.sty"
Package: xcolor 2007/01/21 v2.11 LaTeX color extensions (UK)

("C:\Program Files (x86)\MikTeX\tex\latex\00miktex\color.cfg"
File: color.cfg 2007/01/18 v1.5 color configuration of teTeX/TeXLive
)
Package xcolor Info: Driver file: pdftex.def on input line 225.
Package xcolor Info: Model `cmy' substituted by `cmy0' on input line 1337.
Package xcolor Info: Model `hsb' substituted by `rgb' on input line 1341.
Package xcolor Info: Model `RGB' extended on input line 1353.
Package xcolor Info: Model `HTML' substituted by `rgb' on input line 1355.
Package xcolor Info: Model `Hsb' substituted by `hsb' on input line 1356.
Package xcolor Info: Model `tHsb' substituted by `hsb' on input line 1357.
Package xcolor Info: Model `HSB' substituted by `hsb' on input line 1358.
Package xcolor Info: Model `Gray' substituted by `gray' on input line 1359.
Package xcolor Info: Model `wave' substituted by `hsb' on input line 1360.
)
("C:\Program Files (x86)\MikTeX\tex\latex\pgf\frontendlayer\tikz.sty"
("C:\Program Files (x86)\MikTeX\tex\latex\pgf\basiclayer\pgf.sty"
("C:\Program Files (x86)\MikTeX\tex\latex\pgf\utilities\pgfrcs.sty"
("C:\Program Files (x86)\MikTeX\tex\generic\pgf\utilities\pgfutil-common.tex"
\pgfutil@everybye=\toks24
\pgfutil@tempdima=\dimen115
\pgfutil@tempdimb=\dimen116

("C:\Program Files (x86)\MikTeX\tex\generic\pgf\utilities\pgfutil-common-lists.
tex"))
("C:\Program Files (x86)\MikTeX\tex\generic\pgf\utilities\pgfutil-latex.def"
\pgfutil@abb=\box28

("C:\Program Files (x86)\MikTeX\tex\latex\ms\everyshi.sty"
Package: everyshi 2001/05/15 v3.00 EveryShipout Package (MS)
))
("C:\Program Files (x86)\MikTeX\tex\generic\pgf\utilities\pgfrcs.code.tex"
Package: pgfrcs 2013/12/20 v3.0.0 (rcs-revision 1.28)
))
Package: pgf 2013/12/18 v3.0.0 (rcs-revision 1.14)

("C:\Program Files (x86)\MikTeX\tex\latex\pgf\basiclayer\pgfcore.sty"
("C:\Program Files (x86)\MikTeX\tex\latex\pgf\systemlayer\pgfsys.sty"
("C:\Program Files (x86)\MikTeX\tex\generic\pgf\systemlayer\pgfsys.code.tex"
Package: pgfsys 2013/11/30 v3.0.0 (rcs-revision 1.47)

("C:\Program Files (x86)\MikTeX\tex\generic\pgf\utilities\pgfkeys.code.tex"
\pgfkeys@pathtoks=\toks25
\pgfkeys@temptoks=\toks26

("C:\Program Files (x86)\MikTeX\tex\generic\pgf\utilities\pgfkeysfiltered.code.
tex"
\pgfkeys@tmptoks=\toks27
))
\pgf@x=\dimen117
\pgf@y=\dimen118
\pgf@xa=\dimen119
\pgf@ya=\dimen120
\pgf@xb=\dimen121
\pgf@yb=\dimen122
\pgf@xc=\dimen123
\pgf@yc=\dimen124
\w@pgf@writea=\write3
\r@pgf@reada=\read1
\c@pgf@counta=\count102
\c@pgf@countb=\count103
\c@pgf@countc=\count104
\c@pgf@countd=\count105
\t@pgf@toka=\toks28
\t@pgf@tokb=\toks29
\t@pgf@tokc=\toks30
 ("C:\Program Files (x86)\MikTeX\tex\generic\pgf\systemlayer\pgf.cfg"
File: pgf.cfg 2008/05/14  (rcs-revision 1.7)
)
Driver file for pgf: pgfsys-pdftex.def

("C:\Program Files (x86)\MikTeX\tex\generic\pgf\systemlayer\pgfsys-pdftex.def"
File: pgfsys-pdftex.def 2013/07/18  (rcs-revision 1.33)

("C:\Program Files (x86)\MikTeX\tex\generic\pgf\systemlayer\pgfsys-common-pdf.d
ef"
File: pgfsys-common-pdf.def 2013/10/10  (rcs-revision 1.13)
)))
("C:\Program Files (x86)\MikTeX\tex\generic\pgf\systemlayer\pgfsyssoftpath.code
.tex"
File: pgfsyssoftpath.code.tex 2013/09/09  (rcs-revision 1.9)
\pgfsyssoftpath@smallbuffer@items=\count106
\pgfsyssoftpath@bigbuffer@items=\count107
)
("C:\Program Files (x86)\MikTeX\tex\generic\pgf\systemlayer\pgfsysprotocol.code
.tex"
File: pgfsysprotocol.code.tex 2006/10/16  (rcs-revision 1.4)
))
("C:\Program Files (x86)\MikTeX\tex\generic\pgf\basiclayer\pgfcore.code.tex"
Package: pgfcore 2010/04/11 v3.0.0 (rcs-revision 1.7)

("C:\Program Files (x86)\MikTeX\tex\generic\pgf\math\pgfmath.code.tex"
("C:\Program Files (x86)\MikTeX\tex\generic\pgf\math\pgfmathcalc.code.tex"
("C:\Program Files (x86)\MikTeX\tex\generic\pgf\math\pgfmathutil.code.tex")
("C:\Program Files (x86)\MikTeX\tex\generic\pgf\math\pgfmathparser.code.tex"
\pgfmath@dimen=\dimen125
\pgfmath@count=\count108
\pgfmath@box=\box29
\pgfmath@toks=\toks31
\pgfmath@stack@operand=\toks32
\pgfmath@stack@operation=\toks33
)
("C:\Program Files (x86)\MikTeX\tex\generic\pgf\math\pgfmathfunctions.code.tex"

("C:\Program Files (x86)\MikTeX\tex\generic\pgf\math\pgfmathfunctions.basic.cod
e.tex")
("C:\Program Files (x86)\MikTeX\tex\generic\pgf\math\pgfmathfunctions.trigonome
tric.code.tex")
("C:\Program Files (x86)\MikTeX\tex\generic\pgf\math\pgfmathfunctions.random.co
de.tex")
("C:\Program Files (x86)\MikTeX\tex\generic\pgf\math\pgfmathfunctions.compariso
n.code.tex")
("C:\Program Files (x86)\MikTeX\tex\generic\pgf\math\pgfmathfunctions.base.code
.tex")
("C:\Program Files (x86)\MikTeX\tex\generic\pgf\math\pgfmathfunctions.round.cod
e.tex")
("C:\Program Files (x86)\MikTeX\tex\generic\pgf\math\pgfmathfunctions.misc.code
.tex")
("C:\Program Files (x86)\MikTeX\tex\generic\pgf\math\pgfmathfunctions.integerar
ithmetics.code.tex")))
("C:\Program Files (x86)\MikTeX\tex\generic\pgf\math\pgfmathfloat.code.tex"
\c@pgfmathroundto@lastzeros=\count109
))
("C:\Program Files (x86)\MikTeX\tex\generic\pgf\basiclayer\pgfcorepoints.code.t
ex"
File: pgfcorepoints.code.tex 2013/10/07  (rcs-revision 1.27)
\pgf@picminx=\dimen126
\pgf@picmaxx=\dimen127
\pgf@picminy=\dimen128
\pgf@picmaxy=\dimen129
\pgf@pathminx=\dimen130
\pgf@pathmaxx=\dimen131
\pgf@pathminy=\dimen132
\pgf@pathmaxy=\dimen133
\pgf@xx=\dimen134
\pgf@xy=\dimen135
\pgf@yx=\dimen136
\pgf@yy=\dimen137
\pgf@zx=\dimen138
\pgf@zy=\dimen139
)
("C:\Program Files (x86)\MikTeX\tex\generic\pgf\basiclayer\pgfcorepathconstruct
.code.tex"
File: pgfcorepathconstruct.code.tex 2013/10/07  (rcs-revision 1.29)
\pgf@path@lastx=\dimen140
\pgf@path@lasty=\dimen141
)
("C:\Program Files (x86)\MikTeX\tex\generic\pgf\basiclayer\pgfcorepathusage.cod
e.tex"
File: pgfcorepathusage.code.tex 2013/12/13  (rcs-revision 1.23)
\pgf@shorten@end@additional=\dimen142
\pgf@shorten@start@additional=\dimen143
)
("C:\Program Files (x86)\MikTeX\tex\generic\pgf\basiclayer\pgfcorescopes.code.t
ex"
File: pgfcorescopes.code.tex 2013/10/09  (rcs-revision 1.44)
\pgfpic=\box30
\pgf@hbox=\box31
\pgf@layerbox@main=\box32
\pgf@picture@serial@count=\count110
)
("C:\Program Files (x86)\MikTeX\tex\generic\pgf\basiclayer\pgfcoregraphicstate.
code.tex"
File: pgfcoregraphicstate.code.tex 2013/09/19  (rcs-revision 1.11)
\pgflinewidth=\dimen144
)
("C:\Program Files (x86)\MikTeX\tex\generic\pgf\basiclayer\pgfcoretransformatio
ns.code.tex"
File: pgfcoretransformations.code.tex 2013/10/10  (rcs-revision 1.17)
\pgf@pt@x=\dimen145
\pgf@pt@y=\dimen146
\pgf@pt@temp=\dimen147
)
("C:\Program Files (x86)\MikTeX\tex\generic\pgf\basiclayer\pgfcorequick.code.te
x"
File: pgfcorequick.code.tex 2008/10/09  (rcs-revision 1.3)
)
("C:\Program Files (x86)\MikTeX\tex\generic\pgf\basiclayer\pgfcoreobjects.code.
tex"
File: pgfcoreobjects.code.tex 2006/10/11  (rcs-revision 1.2)
)
("C:\Program Files (x86)\MikTeX\tex\generic\pgf\basiclayer\pgfcorepathprocessin
g.code.tex"
File: pgfcorepathprocessing.code.tex 2013/09/09  (rcs-revision 1.9)
)
("C:\Program Files (x86)\MikTeX\tex\generic\pgf\basiclayer\pgfcorearrows.code.t
ex"
File: pgfcorearrows.code.tex 2013/11/07  (rcs-revision 1.40)
\pgfarrowsep=\dimen148
)
("C:\Program Files (x86)\MikTeX\tex\generic\pgf\basiclayer\pgfcoreshade.code.te
x"
File: pgfcoreshade.code.tex 2013/07/15  (rcs-revision 1.15)
\pgf@max=\dimen149
\pgf@sys@shading@range@num=\count111
)
("C:\Program Files (x86)\MikTeX\tex\generic\pgf\basiclayer\pgfcoreimage.code.te
x"
File: pgfcoreimage.code.tex 2013/07/15  (rcs-revision 1.18)

("C:\Program Files (x86)\MikTeX\tex\generic\pgf\basiclayer\pgfcoreexternal.code
.tex"
File: pgfcoreexternal.code.tex 2013/07/15  (rcs-revision 1.20)
\pgfexternal@startupbox=\box33
))
("C:\Program Files (x86)\MikTeX\tex\generic\pgf\basiclayer\pgfcorelayers.code.t
ex"
File: pgfcorelayers.code.tex 2013/07/18  (rcs-revision 1.7)
)
("C:\Program Files (x86)\MikTeX\tex\generic\pgf\basiclayer\pgfcoretransparency.
code.tex"
File: pgfcoretransparency.code.tex 2013/09/30  (rcs-revision 1.5)
)
("C:\Program Files (x86)\MikTeX\tex\generic\pgf\basiclayer\pgfcorepatterns.code
.tex"
File: pgfcorepatterns.code.tex 2013/11/07  (rcs-revision 1.5)
)))
("C:\Program Files (x86)\MikTeX\tex\generic\pgf\modules\pgfmoduleshapes.code.te
x"
File: pgfmoduleshapes.code.tex 2013/10/31  (rcs-revision 1.34)
\pgfnodeparttextbox=\box34
)
("C:\Program Files (x86)\MikTeX\tex\generic\pgf\modules\pgfmoduleplot.code.tex"
File: pgfmoduleplot.code.tex 2013/07/31  (rcs-revision 1.12)
)
("C:\Program Files (x86)\MikTeX\tex\latex\pgf\compatibility\pgfcomp-version-0-6
5.sty"
Package: pgfcomp-version-0-65 2007/07/03 v3.0.0 (rcs-revision 1.7)
\pgf@nodesepstart=\dimen150
\pgf@nodesepend=\dimen151
)
("C:\Program Files (x86)\MikTeX\tex\latex\pgf\compatibility\pgfcomp-version-1-1
8.sty"
Package: pgfcomp-version-1-18 2007/07/23 v3.0.0 (rcs-revision 1.1)
)) ("C:\Program Files (x86)\MikTeX\tex\latex\pgf\utilities\pgffor.sty"
("C:\Program Files (x86)\MikTeX\tex\latex\pgf\utilities\pgfkeys.sty"
("C:\Program Files (x86)\MikTeX\tex\generic\pgf\utilities\pgfkeys.code.tex"))
("C:\Program Files (x86)\MikTeX\tex\latex\pgf\math\pgfmath.sty"
("C:\Program Files (x86)\MikTeX\tex\generic\pgf\math\pgfmath.code.tex"))
("C:\Program Files (x86)\MikTeX\tex\generic\pgf\utilities\pgffor.code.tex"
Package: pgffor 2013/12/13 v3.0.0 (rcs-revision 1.25)

("C:\Program Files (x86)\MikTeX\tex\generic\pgf\math\pgfmath.code.tex")
\pgffor@iter=\dimen152
\pgffor@skip=\dimen153
\pgffor@stack=\toks34
\pgffor@toks=\toks35
))
("C:\Program Files (x86)\MikTeX\tex\generic\pgf\frontendlayer\tikz\tikz.code.te
x"
Package: tikz 2013/12/13 v3.0.0 (rcs-revision 1.142)

("C:\Program Files (x86)\MikTeX\tex\generic\pgf\libraries\pgflibraryplothandler
s.code.tex"
File: pgflibraryplothandlers.code.tex 2013/08/31 v3.0.0 (rcs-revision 1.20)
\pgf@plot@mark@count=\count112
\pgfplotmarksize=\dimen154
)
\tikz@lastx=\dimen155
\tikz@lasty=\dimen156
\tikz@lastxsaved=\dimen157
\tikz@lastysaved=\dimen158
\tikzleveldistance=\dimen159
\tikzsiblingdistance=\dimen160
\tikz@figbox=\box35
\tikz@figbox@bg=\box36
\tikz@tempbox=\box37
\tikz@tempbox@bg=\box38
\tikztreelevel=\count113
\tikznumberofchildren=\count114
\tikznumberofcurrentchild=\count115
\tikz@fig@count=\count116

("C:\Program Files (x86)\MikTeX\tex\generic\pgf\modules\pgfmodulematrix.code.te
x"
File: pgfmodulematrix.code.tex 2013/09/17  (rcs-revision 1.8)
\pgfmatrixcurrentrow=\count117
\pgfmatrixcurrentcolumn=\count118
\pgf@matrix@numberofcolumns=\count119
)
\tikz@expandcount=\count120

("C:\Program Files (x86)\MikTeX\tex\generic\pgf\frontendlayer\tikz\libraries\ti
kzlibrarytopaths.code.tex"
File: tikzlibrarytopaths.code.tex 2008/06/17 v3.0.0 (rcs-revision 1.2)
)))
("C:\Program Files (x86)\MikTeX\tex\generic\pgf\frontendlayer\tikz\libraries\ti
kzlibrarypositioning.code.tex"
File: tikzlibrarypositioning.code.tex 2008/10/06 v3.0.0 (rcs-revision 1.7)
)
("C:\Program Files (x86)\MikTeX\tex\latex\tools\calc.sty"
Package: calc 2007/08/22 v4.3 Infix arithmetic (KKT,FJ)
\calc@Acount=\count121
\calc@Bcount=\count122
\calc@Adimen=\dimen161
\calc@Bdimen=\dimen162
\calc@Askip=\skip46
\calc@Bskip=\skip47
LaTeX Info: Redefining \setlength on input line 76.
LaTeX Info: Redefining \addtolength on input line 77.
\calc@Ccount=\count123
\calc@Cskip=\skip48
)
\c@@todonotes@numberoftodonotes=\count124
)
("C:\Users\Robin\Desktop\New folder\Final\SoftwareArchitectureDesign_Group6.aux
")
LaTeX Font Info:    Checking defaults for OML/cmm/m/it on input line 15.
LaTeX Font Info:    ... okay on input line 15.
LaTeX Font Info:    Checking defaults for T1/cmr/m/n on input line 15.
LaTeX Font Info:    ... okay on input line 15.
LaTeX Font Info:    Checking defaults for OT1/cmr/m/n on input line 15.
LaTeX Font Info:    ... okay on input line 15.
LaTeX Font Info:    Checking defaults for OMS/cmsy/m/n on input line 15.
LaTeX Font Info:    ... okay on input line 15.
LaTeX Font Info:    Checking defaults for OMX/cmex/m/n on input line 15.
LaTeX Font Info:    ... okay on input line 15.
LaTeX Font Info:    Checking defaults for U/cmr/m/n on input line 15.
LaTeX Font Info:    ... okay on input line 15.
 ("C:\Program Files (x86)\MikTeX\tex\context\base\supp-pdf.mkii"
[Loading MPS to PDF converter (version 2006.09.02).]
\scratchcounter=\count125
\scratchdimen=\dimen163
\scratchbox=\box39
\nofMPsegments=\count126
\nofMParguments=\count127
\everyMPshowfont=\toks36
\MPscratchCnt=\count128
\MPscratchDim=\dimen164
\MPnumerator=\count129
\makeMPintoPDFobject=\count130
\everyMPtoPDFconversion=\toks37
) ABD: EveryShipout initializing macros [1

{C:/Users/Robin/AppData/Local/MiKTeX/2.9/pdftex/config/pdftex.map}] [2] [3]
LaTeX Font Info:    Try loading font information for OMS+cmr on input line 111.


("C:\Program Files (x86)\MikTeX\tex\latex\base\omscmr.fd"
File: omscmr.fd 1999/05/25 v2.5h Standard LaTeX font definitions
)
LaTeX Font Info:    Font shape `OMS/cmr/m/n' in size <10> not available
(Font)              Font shape `OMS/cmsy/m/n' tried instead on input line 111.
 [4]
<Images/APIBackEnd1.jpg, id=25, 753.81625pt x 387.4475pt>
File: Images/APIBackEnd1.jpg Graphic file (type jpg)

<use Images/APIBackEnd1.jpg>
Package pdftex.def Info: Images/APIBackEnd1.jpg used on input line 149.
(pdftex.def)             Requested size: 401.50146pt x 206.36305pt.

Overfull \hbox (56.50146pt too wide) in paragraph at lines 149--150
[] 
 []

<Images/APIBackEnd2.jpg, id=26, 1130.2225pt x 427.5975pt>
File: Images/APIBackEnd2.jpg Graphic file (type jpg)

<use Images/APIBackEnd2.jpg>
Package pdftex.def Info: Images/APIBackEnd2.jpg used on input line 154.
(pdftex.def)             Requested size: 401.50146pt x 151.89929pt.

Overfull \hbox (71.50146pt too wide) in paragraph at lines 154--155
[][] 
 []

[5 <C:/Users/Robin/Desktop/New folder/Final/Images/APIBackEnd1.jpg> <C:/Users/R
obin/Desktop/New folder/Final/Images/APIBackEnd2.jpg>]
<Images/WEBUWStudentActivity.jpg, id=30, 768.8725pt x 1080.035pt>
File: Images/WEBUWStudentActivity.jpg Graphic file (type jpg)

<use Images/WEBUWStudentActivity.jpg>
Package pdftex.def Info: Images/WEBUWStudentActivity.jpg used on input line 172
.
(pdftex.def)             Requested size: 381.42639pt x 535.7973pt.

Overfull \hbox (36.42639pt too wide) in paragraph at lines 172--173
[] 
 []

[6] <Images/WEBUWMarkerActivity.jpg, id=34, 646.415pt x 979.66pt>
File: Images/WEBUWMarkerActivity.jpg Graphic file (type jpg)

<use Images/WEBUWMarkerActivity.jpg>
Package pdftex.def Info: Images/WEBUWMarkerActivity.jpg used on input line 176.

(pdftex.def)             Requested size: 381.42639pt x 578.0542pt.

Overfull \hbox (36.42639pt too wide) in paragraph at lines 176--177
[] 
 []

[7 <C:/Users/Robin/Desktop/New folder/Final/Images/WEBUWStudentActivity.jpg>]
<Images/WEBUWLecturerActivity.jpg, id=39, 1351.0475pt x 1461.46pt>
File: Images/WEBUWLecturerActivity.jpg Graphic file (type jpg)

<use Images/WEBUWLecturerActivity.jpg>
Package pdftex.def Info: Images/WEBUWLecturerActivity.jpg used on input line 18
0.
(pdftex.def)             Requested size: 381.42639pt x 412.59563pt.

Overfull \hbox (36.42639pt too wide) in paragraph at lines 180--181
[] 
 []

[8 <C:/Users/Robin/Desktop/New folder/Final/Images/WEBUWMarkerActivity.jpg>]
<Images/WEBUILogin.jpg, id=43, 825.83531pt x 641.39626pt>
File: Images/WEBUILogin.jpg Graphic file (type jpg)

<use Images/WEBUILogin.jpg>
Package pdftex.def Info: Images/WEBUILogin.jpg used on input line 186.
(pdftex.def)             Requested size: 381.42639pt x 296.23985pt.

Overfull \hbox (36.42639pt too wide) in paragraph at lines 186--187
[] 
 []

[9 <C:/Users/Robin/Desktop/New folder/Final/Images/WEBUWLecturerActivity.jpg>]
<Images/WEBUILecturer_SelectModule.jpg, id=47, 767.11594pt x 541.27219pt>
File: Images/WEBUILecturer_SelectModule.jpg Graphic file (type jpg)

<use Images/WEBUILecturer_SelectModule.jpg>
Package pdftex.def Info: Images/WEBUILecturer_SelectModule.jpg used on input li
ne 190.
(pdftex.def)             Requested size: 381.42639pt x 269.13226pt.

Overfull \hbox (36.42639pt too wide) in paragraph at lines 190--191
[] 
 []

[10 <C:/Users/Robin/Desktop/New folder/Final/Images/WEBUILogin.jpg>]
<Images/WEBUILecturer_ManageAssessment.jpg, id=51, 616.55344pt x 571.38469pt>
File: Images/WEBUILecturer_ManageAssessment.jpg Graphic file (type jpg)

<use Images/WEBUILecturer_ManageAssessment.jpg>
Package pdftex.def Info: Images/WEBUILecturer_ManageAssessment.jpg used on inpu
t line 194.
(pdftex.def)             Requested size: 381.42639pt x 353.4876pt.

Overfull \hbox (36.42639pt too wide) in paragraph at lines 194--195
[] 
 []

[11 <C:/Users/Robin/Desktop/New folder/Final/Images/WEBUILecturer_SelectModule.
jpg>]
<Images/WEBUILecturer_CreateAssessment.jpg, id=55, 738.50906pt x 545.78906pt>
File: Images/WEBUILecturer_CreateAssessment.jpg Graphic file (type jpg)

<use Images/WEBUILecturer_CreateAssessment.jpg>
Package pdftex.def Info: Images/WEBUILecturer_CreateAssessment.jpg used on inpu
t line 198.
(pdftex.def)             Requested size: 381.42639pt x 281.88815pt.

Overfull \hbox (36.42639pt too wide) in paragraph at lines 198--199
[] 
 []

[12 <C:/Users/Robin/Desktop/New folder/Final/Images/WEBUILecturer_ManageAssessm
ent.jpg>]
<Images/WEBUILecturer_CreateSession.jpg, id=59, 762.59906pt x 544.28343pt>
File: Images/WEBUILecturer_CreateSession.jpg Graphic file (type jpg)

<use Images/WEBUILecturer_CreateSession.jpg>
Package pdftex.def Info: Images/WEBUILecturer_CreateSession.jpg used on input l
ine 202.
(pdftex.def)             Requested size: 381.42639pt x 272.2324pt.

Overfull \hbox (36.42639pt too wide) in paragraph at lines 202--203
[] 
 []

<Images/WEBUILecturer_GenerateReprots.jpg, id=60, 706.89093pt x 548.80031pt>
File: Images/WEBUILecturer_GenerateReprots.jpg Graphic file (type jpg)

<use Images/WEBUILecturer_GenerateReprots.jpg>
Package pdftex.def Info: Images/WEBUILecturer_GenerateReprots.jpg used on input
 line 206.
(pdftex.def)             Requested size: 381.42639pt x 296.12164pt.

Overfull \hbox (36.42639pt too wide) in paragraph at lines 206--207
[] 
 []

[13 <C:/Users/Robin/Desktop/New folder/Final/Images/WEBUILecturer_CreateAssessm
ent.jpg> <C:/Users/Robin/Desktop/New folder/Final/Images/WEBUILecturer_CreateSe
ssion.jpg>]
<Images/WEBUITA_SelectModule.jpg, id=65, 746.03719pt x 634.62094pt>
File: Images/WEBUITA_SelectModule.jpg Graphic file (type jpg)

<use Images/WEBUITA_SelectModule.jpg>
Package pdftex.def Info: Images/WEBUITA_SelectModule.jpg used on input line 210
.
(pdftex.def)             Requested size: 381.42639pt x 324.45613pt.

Overfull \hbox (36.42639pt too wide) in paragraph at lines 210--211
[] 
 []

[14 <C:/Users/Robin/Desktop/New folder/Final/Images/WEBUILecturer_GenerateRepro
ts.jpg>]
<Images/WEBUITA_ViewAssessments.jpg, id=69, 849.92531pt x 642.14906pt>
File: Images/WEBUITA_ViewAssessments.jpg Graphic file (type jpg)

<use Images/WEBUITA_ViewAssessments.jpg>
Package pdftex.def Info: Images/WEBUITA_ViewAssessments.jpg used on input line 
214.
(pdftex.def)             Requested size: 381.42639pt x 288.18053pt.

Overfull \hbox (36.42639pt too wide) in paragraph at lines 214--215
[] 
 []

[15 <C:/Users/Robin/Desktop/New folder/Final/Images/WEBUITA_SelectModule.jpg>]
<Images/WEBUITA_ViewAddEditMarks.jpg, id=73, 769.37437pt x 621.82312pt>
File: Images/WEBUITA_ViewAddEditMarks.jpg Graphic file (type jpg)

<use Images/WEBUITA_ViewAddEditMarks.jpg>
Package pdftex.def Info: Images/WEBUITA_ViewAddEditMarks.jpg used on input line
 218.
(pdftex.def)             Requested size: 381.42639pt x 308.28255pt.

Overfull \hbox (36.42639pt too wide) in paragraph at lines 218--219
[] 
 []

[16 <C:/Users/Robin/Desktop/New folder/Final/Images/WEBUITA_ViewAssessments.jpg
>] <Images/WEBUIStudent_SelectModule.jpg, id=77, 773.13844pt x 646.66594pt>
File: Images/WEBUIStudent_SelectModule.jpg Graphic file (type jpg)

<use Images/WEBUIStudent_SelectModule.jpg>
Package pdftex.def Info: Images/WEBUIStudent_SelectModule.jpg used on input lin
e 222.
(pdftex.def)             Requested size: 381.42639pt x 319.03001pt.

Overfull \hbox (36.42639pt too wide) in paragraph at lines 222--223
[] 
 []

[17 <C:/Users/Robin/Desktop/New folder/Final/Images/WEBUITA_ViewAddEditMarks.jp
g>] <Images/WEBUIStudent_ViewMarks.jpg, id=81, 630.10406pt x 648.17157pt>
File: Images/WEBUIStudent_ViewMarks.jpg Graphic file (type jpg)

<use Images/WEBUIStudent_ViewMarks.jpg>
Package pdftex.def Info: Images/WEBUIStudent_ViewMarks.jpg used on input line 2
26.
(pdftex.def)             Requested size: 381.42639pt x 392.36754pt.

Overfull \hbox (36.42639pt too wide) in paragraph at lines 226--227
[] 
 []

[18 <C:/Users/Robin/Desktop/New folder/Final/Images/WEBUIStudent_SelectModule.j
pg>] <Images/WEBUML.jpg, id=85, 718.685pt x 558.085pt>
File: Images/WEBUML.jpg Graphic file (type jpg)
 <use Images/WEBUML.jpg>
Package pdftex.def Info: Images/WEBUML.jpg used on input line 231.
(pdftex.def)             Requested size: 381.42639pt x 296.20091pt.

Overfull \hbox (36.42639pt too wide) in paragraph at lines 231--232
[] 
 []

[19 <C:/Users/Robin/Desktop/New folder/Final/Images/WEBUIStudent_ViewMarks.jpg>
] <Images/APPsequence.jpg, id=90, 1461.46pt x 1228.59pt>
File: Images/APPsequence.jpg Graphic file (type jpg)

<use Images/APPsequence.jpg>
Package pdftex.def Info: Images/APPsequence.jpg used on input line 238.
(pdftex.def)             Requested size: 381.42639pt x 320.64441pt.

Overfull \hbox (36.42639pt too wide) in paragraph at lines 238--239
[] 
 []

[20 <C:/Users/Robin/Desktop/New folder/Final/Images/WEBUML.jpg>]
Overfull \hbox (3.44507pt too wide) in paragraph at lines 242--246
\OT1/cmr/m/n/10 face(to let the an-droid ap-pli-ca-tion and web in-ter-face con
-nect an adapter/interface
 []


Underfull \hbox (badness 10000) in paragraph at lines 242--246

 []


Underfull \hbox (badness 10000) in paragraph at lines 247--252

 []

[21 <C:/Users/Robin/Desktop/New folder/Final/Images/APPsequence.jpg>]
<Images/APPUI1.jpg, id=97, 886.31125pt x 776.9025pt>
File: Images/APPUI1.jpg Graphic file (type jpg)
 <use Images/APPUI1.jpg>
Package pdftex.def Info: Images/APPUI1.jpg used on input line 258.
(pdftex.def)             Requested size: 381.42639pt x 334.34607pt.

Overfull \hbox (36.42639pt too wide) in paragraph at lines 258--259
[] 
 []

<Images/APPGRANULARITY.jpg, id=98, 768.8725pt x 658.46pt>
File: Images/APPGRANULARITY.jpg Graphic file (type jpg)

<use Images/APPGRANULARITY.jpg>
Package pdftex.def Info: Images/APPGRANULARITY.jpg used on input line 266.
(pdftex.def)             Requested size: 381.42639pt x 326.65709pt.

Overfull \hbox (36.42639pt too wide) in paragraph at lines 266--267
[] 
 []

[22 <C:/Users/Robin/Desktop/New folder/Final/Images/APPUI1.jpg>]
<Images/APPAPI.jpg, id=102, 1126.2075pt x 467.7475pt>
File: Images/APPAPI.jpg Graphic file (type jpg)
 <use Images/APPAPI.jpg>
Package pdftex.def Info: Images/APPAPI.jpg used on input line 272.
(pdftex.def)             Requested size: 381.42639pt x 158.41823pt.

Overfull \hbox (36.42639pt too wide) in paragraph at lines 272--273
[] 
 []

<Images/APPCD.jpg, id=103, 1351.0475pt x 497.86pt>
File: Images/APPCD.jpg Graphic file (type jpg)
 <use Images/APPCD.jpg>
Package pdftex.def Info: Images/APPCD.jpg used on input line 278.
(pdftex.def)             Requested size: 381.42639pt x 140.55455pt.

Overfull \hbox (36.42639pt too wide) in paragraph at lines 278--279
[] 
 []

[23 <C:/Users/Robin/Desktop/New folder/Final/Images/APPGRANULARITY.jpg> <C:/Use
rs/Robin/Desktop/New folder/Final/Images/APPAPI.jpg>]
<Images/APPCDS.jpg, id=107, 678.535pt x 310.15875pt>
File: Images/APPCDS.jpg Graphic file (type jpg)
 <use Images/APPCDS.jpg>
Package pdftex.def Info: Images/APPCDS.jpg used on input line 284.
(pdftex.def)             Requested size: 381.42639pt x 174.35028pt.

Overfull \hbox (36.42639pt too wide) in paragraph at lines 284--285
[] 
 []

[24 <C:/Users/Robin/Desktop/New folder/Final/Images/APPCD.jpg> <C:/Users/Robin/
Desktop/New folder/Final/Images/APPCDS.jpg>]
("C:\Users\Robin\Desktop\New folder\Final\SoftwareArchitectureDesign_Group6.aux
") ) 
Here is how much of TeX's memory you used:
 12690 strings out of 493921
 249914 string characters out of 3146481
 280257 words of memory out of 3000000
 15722 multiletter control sequences out of 15000+200000
 9191 words of font info for 34 fonts, out of 3000000 for 9000
 841 hyphenation exceptions out of 8191
 62i,6n,56p,574b,190s stack positions out of 5000i,500n,10000p,200000b,50000s
<C:/Program Files (x86)/MikTeX/fonts/type1/public/amsfonts/cm/cmbx10.pfb><C
:/Program Files (x86)/MikTeX/fonts/type1/public/amsfonts/cm/cmbx12.pfb><C:/Prog
ram Files (x86)/MikTeX/fonts/type1/public/amsfonts/cm/cmmi10.pfb><C:/Program Fi
les (x86)/MikTeX/fonts/type1/public/amsfonts/cm/cmr10.pfb><C:/Program Files (x8
6)/MikTeX/fonts/type1/public/amsfonts/cm/cmr12.pfb><C:/Program Files (x86)/MikT
eX/fonts/type1/public/amsfonts/cm/cmr17.pfb><C:/Program Files (x86)/MikTeX/font
s/type1/public/amsfonts/cm/cmsy10.pfb><C:/Program Files (x86)/MikTeX/fonts/type
1/public/amsfonts/cm/cmtt10.pfb>
Output written on SoftwareArchitectureDesign_Group6.pdf (24 pages, 2359096 byte
s).
PDF statistics:
 137 PDF objects out of 1000 (max. 8388607)
 0 named destinations out of 1000 (max. 500000)
 128 words of extra memory for PDF output out of 10000 (max. 10000000)

